2024-03-17 21:20:04.476 INFO  (main) [c: s: r: x: t:] o.e.j.s.Server jetty-10.0.19; built: 2023-12-15T20:38:32.477Z; git: 8492d1c78f122bb30cce20aecfa07e7283facd47; jvm 17.0.10+7
2024-03-17 21:20:06.585 WARN  (main) [c: s: r: x: t:] o.e.j.u.DeprecationWarning Using @Deprecated Class org.eclipse.jetty.servlet.listener.ELContextCleaner
2024-03-17 21:20:06.872 INFO  (main) [c: s: r: x: t:] o.a.s.s.CoreContainerProvider Using logger factory org.apache.logging.slf4j.Log4jLoggerFactory
2024-03-17 21:20:06.929 INFO  (main) [c: s: r: x: t:] o.a.s.s.CoreContainerProvider  ___      _       Welcome to Apache Solr™ version 9.5.0
2024-03-17 21:20:06.930 INFO  (main) [c: s: r: x: t:] o.a.s.s.CoreContainerProvider / __| ___| |_ _   Starting in standalone mode on port 8983
2024-03-17 21:20:06.930 INFO  (main) [c: s: r: x: t:] o.a.s.s.CoreContainerProvider \__ \/ _ \ | '_|  Install dir: /opt/solr-9.5.0
2024-03-17 21:20:06.930 INFO  (main) [c: s: r: x: t:] o.a.s.s.CoreContainerProvider |___/\___/_|_|    Start time: 2024-03-17T21:20:06.930610400Z
2024-03-17 21:20:06.938 INFO  (main) [c: s: r: x: t:] o.a.s.s.CoreContainerProvider Solr started with "-XX:+CrashOnOutOfMemoryError" that will crash on any OutOfMemoryError exception. The cause of the OOME will be logged in the crash file at the following path: /var/solr/logs/jvm_crash_11.log
2024-03-17 21:20:07.116 INFO  (main) [c: s: r: x: t:] o.a.s.s.CoreContainerProvider Solr Home: /var/solr/data (source: system property: solr.solr.home)
2024-03-17 21:20:07.211 INFO  (main) [c: s: r: x: t:] o.a.s.c.SolrXmlConfig solr.xml not found in SOLR_HOME, using built-in default
2024-03-17 21:20:07.213 INFO  (main) [c: s: r: x: t:] o.a.s.c.SolrXmlConfig Loading solr.xml from /opt/solr-9.5.0/server/solr/solr.xml
2024-03-17 21:20:07.442 INFO  (main) [c: s: r: x: t:] o.a.s.c.SolrResourceLoader Added 1 libs to classloader, from paths: [/opt/solr-9.5.0/lib]
2024-03-17 21:20:11.603 INFO  (main) [c: s: r: x: t:] o.a.s.u.t.SimplePropagator Always-on trace id generation enabled.
2024-03-17 21:20:12.747 WARN  (main) [c: s: r: x: t:] o.a.s.u.StartupLoggingUtils Jetty request logging enabled. Will retain logs for last 3 days. See chapter "Configuring Logging" in reference guide for how to configure.
2024-03-17 21:20:12.752 WARN  (main) [c: s: r: x: t:] o.a.s.c.CoreContainer Not all security plugins configured!  authentication=disabled authorization=disabled.  Solr is only as secure as you make it. Consider configuring authentication/authorization before exposing Solr to users internal or external.  See https://s.apache.org/solrsecurity for more info
2024-03-17 21:20:13.542 INFO  (main) [c: s: r: x: t:] o.a.s.c.CorePropertiesLocator Found 1 core definitions underneath /var/solr/data
2024-03-17 21:20:13.542 INFO  (main) [c: s: r: x: t:] o.a.s.c.CorePropertiesLocator Cores are: [restaurants_shard1_replica_n1]
2024-03-17 21:20:13.905 WARN  (main) [c: s: r: x: t:] o.g.j.m.i.MessagingBinders A class jakarta.activation.DataSource for a default provider MessageBodyWriter<jakarta.activation.DataSource> was not found. The provider is not available.
2024-03-17 21:20:14.450 INFO  (main) [c: s: r: x: t:] o.a.s.j.SolrRequestAuthorizer Creating a new SolrRequestAuthorizer
2024-03-17 21:20:14.690 INFO  (coreLoadExecutor-11-thread-1) [c: s: r: x:restaurants_shard1_replica_n1 t:] o.a.s.c.SolrConfig Using Lucene MatchVersion: 9.9.0
2024-03-17 21:20:14.783 INFO  (main) [c: s: r: x: t:] o.e.j.s.h.ContextHandler Started o.e.j.w.WebAppContext@655a5d9c{solr-jetty-context.xml,/solr,file:///opt/solr-9.5.0/server/solr-webapp/webapp/,AVAILABLE}{/opt/solr-9.5.0/server/solr-webapp/webapp}
2024-03-17 21:20:14.808 INFO  (main) [c: s: r: x: t:] o.e.j.s.RequestLogWriter Opened /var/solr/logs/2024_03_17.request.log
2024-03-17 21:20:14.822 INFO  (main) [c: s: r: x: t:] o.e.j.s.AbstractConnector Started ServerConnector@2b95e48b{HTTP/1.1, (http/1.1, h2c)}{0.0.0.0:8983}
2024-03-17 21:20:14.825 INFO  (main) [c: s: r: x: t:] o.e.j.s.Server Started Server@376a312c{STARTING}[10.0.19,sto=0] @16431ms
2024-03-17 21:20:14.875 INFO  (coreLoadExecutor-11-thread-1) [c: s: r: x:restaurants_shard1_replica_n1 t:] o.a.s.s.IndexSchema Schema name=default-config
2024-03-17 21:20:16.273 INFO  (coreLoadExecutor-11-thread-1) [c: s: r: x:restaurants_shard1_replica_n1 t:] o.a.s.s.IndexSchema Loaded schema default-config/1.6 with uniqueid field id
2024-03-17 21:20:16.273 INFO  (coreLoadExecutor-11-thread-1) [c: s: r: x:restaurants_shard1_replica_n1 t:] o.a.s.c.CoreContainer Creating SolrCore 'restaurants_shard1_replica_n1' using configuration from instancedir /var/solr/data/restaurants_shard1_replica_n1, trusted=true
2024-03-17 21:20:16.333 INFO  (coreLoadExecutor-11-thread-1) [c: s: r: x:restaurants_shard1_replica_n1 t:] o.a.s.c.SolrCore Opening new SolrCore at [/var/solr/data/restaurants_shard1_replica_n1], dataDir=[/var/solr/data/restaurants_shard1_replica_n1/data/]
2024-03-17 21:20:17.472 INFO  (coreLoadExecutor-11-thread-1) [c: s: r: x:restaurants_shard1_replica_n1 t:] o.a.s.j.SolrRequestAuthorizer Creating a new SolrRequestAuthorizer
2024-03-17 21:20:17.505 INFO  (coreLoadExecutor-11-thread-1) [c: s: r: x:restaurants_shard1_replica_n1 t:] o.a.s.u.UpdateHandler Using UpdateLog implementation: org.apache.solr.update.UpdateLog
2024-03-17 21:20:17.505 INFO  (coreLoadExecutor-11-thread-1) [c: s: r: x:restaurants_shard1_replica_n1 t:] o.a.s.u.UpdateLog Initializing UpdateLog: dataDir= defaultSyncLevel=FLUSH numRecordsToKeep=100 maxNumLogsToKeep=10 numVersionBuckets=65536
2024-03-17 21:20:17.635 INFO  (coreLoadExecutor-11-thread-1) [c: s: r: x:restaurants_shard1_replica_n1 t:] o.a.s.u.CommitTracker Hard AutoCommit: if uncommitted for 15000ms; 
2024-03-17 21:20:17.636 INFO  (coreLoadExecutor-11-thread-1) [c: s: r: x:restaurants_shard1_replica_n1 t:] o.a.s.u.CommitTracker Soft AutoCommit: if uncommitted for 3000ms; 
2024-03-17 21:20:18.420 INFO  (coreLoadExecutor-11-thread-1) [c: s: r: x:restaurants_shard1_replica_n1 t:] o.a.s.r.ManagedResourceStorage File-based storage initialized to use dir: /var/solr/data/restaurants_shard1_replica_n1/conf
2024-03-17 21:20:18.450 INFO  (coreLoadExecutor-11-thread-1) [c: s: r: x:restaurants_shard1_replica_n1 t:] o.a.s.s.DirectSolrSpellChecker init: {maxEdits=2, minPrefix=1, maxInspections=5, minQueryLength=4, name=default, field=_text_, classname=solr.DirectSolrSpellChecker, distanceMeasure=internal, accuracy=0.5, maxQueryFrequency=0.01}
2024-03-17 21:20:18.464 INFO  (coreLoadExecutor-11-thread-1) [c: s: r: x:restaurants_shard1_replica_n1 t:] o.a.s.h.ReplicationHandler Commits will be reserved for 10000 ms
2024-03-17 21:20:18.468 INFO  (searcherExecutor-13-thread-1-processing-restaurants_shard1_replica_n1) [c: s: r: x:restaurants_shard1_replica_n1 t:] o.a.s.c.QuerySenderListener QuerySenderListener done.
2024-03-17 21:20:18.468 INFO  (searcherExecutor-13-thread-1-processing-restaurants_shard1_replica_n1) [c: s: r: x:restaurants_shard1_replica_n1 t:] o.a.s.h.c.SpellCheckComponent Loading spell index for spellchecker: default
2024-03-17 21:20:18.481 INFO  (searcherExecutor-13-thread-1-processing-restaurants_shard1_replica_n1) [c: s: r: x:restaurants_shard1_replica_n1 t:] o.a.s.c.SolrCore Registered new searcher autowarm time: 0 ms
2024-03-17 21:20:56.414 INFO  (qtp693267461-27-null-1) [c: s: r: x:restaurants_shard1_replica_n1 t:null-1] o.a.s.c.S.Request webapp=/solr path=/select params={q=*:*&start=0&rows=0&wt=javabin&version=2} hits=24 status=0 QTime=34
2024-03-17 21:20:56.458 INFO  (qtp693267461-19-null-2) [c: s: r: x:restaurants_shard1_replica_n1 t:null-2] o.a.s.c.S.Request webapp=/solr path=/select params={q=*:*&start=0&rows=24&wt=javabin&version=2} hits=24 status=0 QTime=5
2024-03-17 21:21:04.788 INFO  (qtp693267461-26-null-3) [c: s: r: x:restaurants_shard1_replica_n1 t:null-3] o.a.s.c.S.Request webapp=/solr path=/select params={q=fq%3D{!geofilt+sfield%3Dlocation+pt%3D41.0976102816418,28.87874273979854+d%3D10}&start=0&rows=0&wt=javabin&version=2} hits=10 status=0 QTime=81
2024-03-17 21:21:04.794 INFO  (qtp693267461-25-null-4) [c: s: r: x:restaurants_shard1_replica_n1 t:null-4] o.a.s.c.S.Request webapp=/solr path=/select params={q=fq%3D{!geofilt+sfield%3Dlocation+pt%3D41.0976102816418,28.87874273979854+d%3D10}&start=0&rows=10&wt=javabin&version=2} hits=10 status=0 QTime=1
2024-03-17 21:21:14.249 INFO  (JettyShutdownThread) [c: s: r: x: t:] o.e.j.s.Server Stopped Server@376a312c{STOPPING}[10.0.19,sto=0]
2024-03-17 21:21:14.275 INFO  (JettyShutdownThread) [c: s: r: x: t:] o.e.j.s.AbstractConnector Stopped ServerConnector@2b95e48b{HTTP/1.1, (http/1.1, h2c)}{0.0.0.0:8983}
2024-03-17 21:21:14.319 INFO  (JettyShutdownThread) [c: s: r: x: t:] o.a.s.c.CoreContainer Shutting down CoreContainer instance=1537371824
2024-03-17 21:21:14.323 INFO  (coreCloseExecutor-19-thread-1) [c: s: r: x:restaurants_shard1_replica_n1 t:] o.a.s.c.SolrCore CLOSING SolrCore org.apache.solr.core.SolrCore@5cbd66d3 restaurants_shard1_replica_n1
2024-03-17 21:21:14.324 INFO  (coreCloseExecutor-19-thread-1) [c: s: r: x:restaurants_shard1_replica_n1 t:] o.a.s.m.SolrMetricManager Closing metric reporters for registry=solr.core.restaurants_shard1_replica_n1 tag=SolrCore@5cbd66d3
2024-03-17 21:21:14.364 INFO  (coreCloseExecutor-19-thread-1) [c: s: r: x:restaurants_shard1_replica_n1 t:] o.a.s.u.DirectUpdateHandler2 Committing on IndexWriter.close()  ... SKIPPED (unnecessary).
2024-03-17 21:21:14.457 INFO  (JettyShutdownThread) [c: s: r: x: t:] o.a.s.m.SolrMetricManager Closing metric reporters for registry=solr.node tag=null
2024-03-17 21:21:14.475 INFO  (JettyShutdownThread) [c: s: r: x: t:] o.a.s.m.SolrMetricManager Closing metric reporters for registry=solr.jvm tag=null
2024-03-17 21:21:14.483 INFO  (JettyShutdownThread) [c: s: r: x: t:] o.a.s.m.SolrMetricManager Closing metric reporters for registry=solr.jetty tag=null
2024-03-17 21:21:14.512 INFO  (JettyShutdownThread) [c: s: r: x: t:] o.e.j.s.h.ContextHandler Stopped o.e.j.w.WebAppContext@655a5d9c{solr-jetty-context.xml,/solr,null,STOPPED}{/opt/solr-9.5.0/server/solr-webapp/webapp}
