[2024-03-16T08:41:56.360+0000][0.074s] Using G1
[2024-03-16T08:41:56.473+0000][0.187s] Version: 17.0.10+7 (release)
[2024-03-16T08:41:56.473+0000][0.188s] CPUs: 12 total, 12 available
[2024-03-16T08:41:56.473+0000][0.188s] Memory: 7875M
[2024-03-16T08:41:56.474+0000][0.189s] Large Page Support: Disabled
[2024-03-16T08:41:56.474+0000][0.189s] NUMA Support: Disabled
[2024-03-16T08:41:56.475+0000][0.189s] Compressed Oops: Enabled (32-bit)
[2024-03-16T08:41:56.475+0000][0.190s] Heap Region Size: 1M
[2024-03-16T08:41:56.475+0000][0.190s] Heap Min Capacity: 512M
[2024-03-16T08:41:56.476+0000][0.191s] Heap Initial Capacity: 512M
[2024-03-16T08:41:56.476+0000][0.191s] Heap Max Capacity: 512M
[2024-03-16T08:41:56.477+0000][0.192s] Pre-touch: Enabled
[2024-03-16T08:41:56.477+0000][0.192s] Parallel Workers: 10
[2024-03-16T08:41:56.477+0000][0.192s] Concurrent Workers: 3
[2024-03-16T08:41:56.478+0000][0.192s] Concurrent Refinement Workers: 10
[2024-03-16T08:41:56.478+0000][0.193s] Periodic GC: Disabled
[2024-03-16T08:41:56.483+0000][0.198s] CDS archive(s) mapped at: [0x00007f3663000000-0x00007f3663a5f000-0x00007f3663a5f000), size 10874880, SharedBaseAddress: 0x00007f3663000000, ArchiveRelocationMode: 1.
[2024-03-16T08:41:56.483+0000][0.198s] Compressed class space mapped at: 0x00007f3664000000-0x00007f36a4000000, reserved size: 1073741824
[2024-03-16T08:41:56.484+0000][0.199s] Narrow klass base: 0x00007f3663000000, Narrow klass shift: 0, Narrow klass range: 0x100000000
[2024-03-16T08:41:59.462+0000][3.177s] GC(0) Pause Young (Normal) (G1 Evacuation Pause)
[2024-03-16T08:41:59.462+0000][3.177s] GC(0) Using 10 workers of 10 for evacuation
[2024-03-16T08:41:59.469+0000][3.184s] GC(0)   Pre Evacuate Collection Set: 0.3ms
[2024-03-16T08:41:59.470+0000][3.185s] GC(0)   Merge Heap Roots: 0.3ms
[2024-03-16T08:41:59.470+0000][3.185s] GC(0)   Evacuate Collection Set: 1.9ms
[2024-03-16T08:41:59.470+0000][3.185s] GC(0)   Post Evacuate Collection Set: 4.3ms
[2024-03-16T08:41:59.470+0000][3.185s] GC(0)   Other: 1.3ms
[2024-03-16T08:41:59.471+0000][3.186s] GC(0) Eden regions: 29->0(57)
[2024-03-16T08:41:59.471+0000][3.186s] GC(0) Survivor regions: 0->4(4)
[2024-03-16T08:41:59.471+0000][3.186s] GC(0) Old regions: 0->1
[2024-03-16T08:41:59.471+0000][3.186s] GC(0) Archive regions: 2->2
[2024-03-16T08:41:59.472+0000][3.186s] GC(0) Humongous regions: 0->0
[2024-03-16T08:41:59.472+0000][3.187s] GC(0) Metaspace: 9913K(10176K)->9913K(10176K) NonClass: 8688K(8832K)->8688K(8832K) Class: 1225K(1344K)->1225K(1344K)
[2024-03-16T08:41:59.472+0000][3.187s] GC(0) Pause Young (Normal) (G1 Evacuation Pause) 29M->5M(512M) 10.430ms
[2024-03-16T08:41:59.472+0000][3.187s] GC(0) User=0.02s Sys=0.01s Real=0.01s
[2024-03-16T08:42:00.782+0000][4.497s] GC(1) Pause Young (Normal) (G1 Evacuation Pause)
[2024-03-16T08:42:00.783+0000][4.498s] GC(1) Using 10 workers of 10 for evacuation
[2024-03-16T08:42:00.790+0000][4.505s] GC(1)   Pre Evacuate Collection Set: 0.2ms
[2024-03-16T08:42:00.790+0000][4.505s] GC(1)   Merge Heap Roots: 0.2ms
[2024-03-16T08:42:00.790+0000][4.505s] GC(1)   Evacuate Collection Set: 5.2ms
[2024-03-16T08:42:00.791+0000][4.505s] GC(1)   Post Evacuate Collection Set: 0.9ms
[2024-03-16T08:42:00.791+0000][4.506s] GC(1)   Other: 0.7ms
[2024-03-16T08:42:00.791+0000][4.506s] GC(1) Eden regions: 55->0(72)
[2024-03-16T08:42:00.791+0000][4.506s] GC(1) Survivor regions: 4->8(8)
[2024-03-16T08:42:00.792+0000][4.507s] GC(1) Old regions: 1->9
[2024-03-16T08:42:00.792+0000][4.507s] GC(1) Archive regions: 2->2
[2024-03-16T08:42:00.792+0000][4.507s] GC(1) Humongous regions: 4->4
[2024-03-16T08:42:00.792+0000][4.507s] GC(1) Metaspace: 17933K(18176K)->17933K(18176K) NonClass: 15717K(15872K)->15717K(15872K) Class: 2215K(2304K)->2215K(2304K)
[2024-03-16T08:42:00.793+0000][4.508s] GC(1) Pause Young (Normal) (G1 Evacuation Pause) 64M->21M(512M) 10.176ms
[2024-03-16T08:42:00.793+0000][4.508s] GC(1) User=0.02s Sys=0.03s Real=0.01s
[2024-03-16T08:42:02.200+0000][5.914s] GC(2) Pause Young (Concurrent Start) (Metadata GC Threshold)
[2024-03-16T08:42:02.200+0000][5.915s] GC(2) Using 10 workers of 10 for evacuation
[2024-03-16T08:42:02.205+0000][5.920s] GC(2)   Pre Evacuate Collection Set: 0.3ms
[2024-03-16T08:42:02.205+0000][5.920s] GC(2)   Merge Heap Roots: 0.2ms
[2024-03-16T08:42:02.206+0000][5.920s] GC(2)   Evacuate Collection Set: 3.4ms
[2024-03-16T08:42:02.206+0000][5.921s] GC(2)   Post Evacuate Collection Set: 0.9ms
[2024-03-16T08:42:02.206+0000][5.921s] GC(2)   Other: 0.7ms
[2024-03-16T08:42:02.207+0000][5.921s] GC(2) Eden regions: 31->0(86)
[2024-03-16T08:42:02.207+0000][5.922s] GC(2) Survivor regions: 8->3(9)
[2024-03-16T08:42:02.207+0000][5.922s] GC(2) Old regions: 9->17
[2024-03-16T08:42:02.207+0000][5.922s] GC(2) Archive regions: 2->2
[2024-03-16T08:42:02.208+0000][5.923s] GC(2) Humongous regions: 4->4
[2024-03-16T08:42:02.208+0000][5.923s] GC(2) Metaspace: 21184K(21504K)->21184K(21504K) NonClass: 18566K(18688K)->18566K(18688K) Class: 2618K(2816K)->2618K(2816K)
[2024-03-16T08:42:02.208+0000][5.923s] GC(2) Pause Young (Concurrent Start) (Metadata GC Threshold) 51M->24M(512M) 8.563ms
[2024-03-16T08:42:02.208+0000][5.923s] GC(2) User=0.02s Sys=0.02s Real=0.01s
[2024-03-16T08:42:02.209+0000][5.923s] GC(3) Concurrent Mark Cycle
[2024-03-16T08:42:02.209+0000][5.924s] GC(3) Concurrent Clear Claimed Marks
[2024-03-16T08:42:02.209+0000][5.924s] GC(3) Concurrent Clear Claimed Marks 0.268ms
[2024-03-16T08:42:02.209+0000][5.924s] GC(3) Concurrent Scan Root Regions
[2024-03-16T08:42:02.211+0000][5.926s] GC(3) Concurrent Scan Root Regions 1.880ms
[2024-03-16T08:42:02.211+0000][5.926s] GC(3) Concurrent Mark
[2024-03-16T08:42:02.212+0000][5.927s] GC(3) Concurrent Mark From Roots
[2024-03-16T08:42:02.212+0000][5.927s] GC(3) Using 3 workers of 3 for marking
[2024-03-16T08:42:02.218+0000][5.933s] GC(3) Concurrent Mark From Roots 6.004ms
[2024-03-16T08:42:02.218+0000][5.933s] GC(3) Concurrent Preclean
[2024-03-16T08:42:02.219+0000][5.933s] GC(3) Concurrent Preclean 0.467ms
[2024-03-16T08:42:02.219+0000][5.934s] GC(3) Pause Remark
[2024-03-16T08:42:02.221+0000][5.936s] GC(3) Pause Remark 24M->24M(512M) 2.305ms
[2024-03-16T08:42:02.222+0000][5.937s] GC(3) User=0.01s Sys=0.00s Real=0.00s
[2024-03-16T08:42:02.222+0000][5.937s] GC(3) Concurrent Mark 10.638ms
[2024-03-16T08:42:02.222+0000][5.937s] GC(3) Concurrent Rebuild Remembered Sets
[2024-03-16T08:42:02.223+0000][5.938s] GC(3) Concurrent Rebuild Remembered Sets 0.305ms
[2024-03-16T08:42:02.223+0000][5.938s] GC(3) Pause Cleanup
[2024-03-16T08:42:02.223+0000][5.938s] GC(3) Pause Cleanup 24M->24M(512M) 0.329ms
[2024-03-16T08:42:02.224+0000][5.939s] GC(3) User=0.00s Sys=0.00s Real=0.00s
[2024-03-16T08:42:02.224+0000][5.939s] GC(3) Concurrent Cleanup for Next Mark
[2024-03-16T08:42:02.225+0000][5.940s] GC(3) Concurrent Cleanup for Next Mark 0.567ms
[2024-03-16T08:42:02.225+0000][5.940s] GC(3) Concurrent Mark Cycle 16.335ms
[2024-03-16T08:42:05.502+0000][9.217s] GC(4) Pause Young (Normal) (G1 Evacuation Pause)
[2024-03-16T08:42:05.502+0000][9.217s] GC(4) Using 10 workers of 10 for evacuation
[2024-03-16T08:42:05.508+0000][9.223s] GC(4)   Pre Evacuate Collection Set: 0.4ms
[2024-03-16T08:42:05.509+0000][9.224s] GC(4)   Merge Heap Roots: 0.4ms
[2024-03-16T08:42:05.509+0000][9.224s] GC(4)   Evacuate Collection Set: 3.4ms
[2024-03-16T08:42:05.509+0000][9.224s] GC(4)   Post Evacuate Collection Set: 1.9ms
[2024-03-16T08:42:05.510+0000][9.225s] GC(4)   Other: 0.7ms
[2024-03-16T08:42:05.510+0000][9.225s] GC(4) Eden regions: 86->0(299)
[2024-03-16T08:42:05.510+0000][9.225s] GC(4) Survivor regions: 3->8(12)
[2024-03-16T08:42:05.511+0000][9.226s] GC(4) Old regions: 17->17
[2024-03-16T08:42:05.511+0000][9.226s] GC(4) Archive regions: 2->2
[2024-03-16T08:42:05.511+0000][9.226s] GC(4) Humongous regions: 4->4
[2024-03-16T08:42:05.512+0000][9.226s] GC(4) Metaspace: 35431K(35840K)->35431K(35840K) NonClass: 30977K(31168K)->30977K(31168K) Class: 4454K(4672K)->4454K(4672K)
[2024-03-16T08:42:05.512+0000][9.227s] GC(4) Pause Young (Normal) (G1 Evacuation Pause) 110M->29M(512M) 10.112ms
[2024-03-16T08:42:05.512+0000][9.227s] GC(4) User=0.01s Sys=0.03s Real=0.01s
[2024-03-16T08:42:05.520+0000][9.235s] GC(5) Pause Young (Concurrent Start) (Metadata GC Threshold)
[2024-03-16T08:42:05.520+0000][9.235s] GC(5) Using 10 workers of 10 for evacuation
[2024-03-16T08:42:05.524+0000][9.239s] GC(5)   Pre Evacuate Collection Set: 0.3ms
[2024-03-16T08:42:05.525+0000][9.240s] GC(5)   Merge Heap Roots: 0.2ms
[2024-03-16T08:42:05.525+0000][9.240s] GC(5)   Evacuate Collection Set: 2.4ms
[2024-03-16T08:42:05.525+0000][9.240s] GC(5)   Post Evacuate Collection Set: 0.8ms
[2024-03-16T08:42:05.526+0000][9.241s] GC(5)   Other: 0.8ms
[2024-03-16T08:42:05.526+0000][9.241s] GC(5) Eden regions: 2->0(299)
[2024-03-16T08:42:05.526+0000][9.241s] GC(5) Survivor regions: 8->8(39)
[2024-03-16T08:42:05.527+0000][9.241s] GC(5) Old regions: 17->17
[2024-03-16T08:42:05.527+0000][9.242s] GC(5) Archive regions: 2->2
[2024-03-16T08:42:05.527+0000][9.242s] GC(5) Humongous regions: 4->4
[2024-03-16T08:42:05.527+0000][9.242s] GC(5) Metaspace: 35631K(35968K)->35631K(35968K) NonClass: 31155K(31296K)->31155K(31296K) Class: 4475K(4672K)->4475K(4672K)
[2024-03-16T08:42:05.528+0000][9.243s] GC(5) Pause Young (Concurrent Start) (Metadata GC Threshold) 31M->29M(512M) 7.789ms
[2024-03-16T08:42:05.528+0000][9.243s] GC(5) User=0.03s Sys=0.01s Real=0.00s
[2024-03-16T08:42:05.528+0000][9.243s] GC(6) Concurrent Mark Cycle
[2024-03-16T08:42:05.528+0000][9.243s] GC(6) Concurrent Clear Claimed Marks
[2024-03-16T08:42:05.529+0000][9.244s] GC(6) Concurrent Clear Claimed Marks 0.226ms
[2024-03-16T08:42:05.529+0000][9.244s] GC(6) Concurrent Scan Root Regions
[2024-03-16T08:42:05.531+0000][9.246s] GC(6) Concurrent Scan Root Regions 2.200ms
[2024-03-16T08:42:05.531+0000][9.246s] GC(6) Concurrent Mark
[2024-03-16T08:42:05.532+0000][9.247s] GC(6) Concurrent Mark From Roots
[2024-03-16T08:42:05.532+0000][9.247s] GC(6) Using 3 workers of 3 for marking
[2024-03-16T08:42:05.541+0000][9.256s] GC(6) Concurrent Mark From Roots 9.535ms
[2024-03-16T08:42:05.542+0000][9.257s] GC(6) Concurrent Preclean
[2024-03-16T08:42:05.542+0000][9.257s] GC(6) Concurrent Preclean 0.500ms
[2024-03-16T08:42:05.543+0000][9.257s] GC(6) Pause Remark
[2024-03-16T08:42:05.545+0000][9.260s] GC(6) Pause Remark 32M->32M(512M) 2.821ms
[2024-03-16T08:42:05.546+0000][9.261s] GC(6) User=0.02s Sys=0.00s Real=0.00s
[2024-03-16T08:42:05.546+0000][9.261s] GC(6) Concurrent Mark 14.840ms
[2024-03-16T08:42:05.547+0000][9.261s] GC(6) Concurrent Rebuild Remembered Sets
[2024-03-16T08:42:05.550+0000][9.265s] GC(6) Concurrent Rebuild Remembered Sets 3.850ms
[2024-03-16T08:42:05.551+0000][9.266s] GC(6) Pause Cleanup
[2024-03-16T08:42:05.552+0000][9.267s] GC(6) Pause Cleanup 32M->32M(512M) 0.703ms
[2024-03-16T08:42:05.552+0000][9.267s] GC(6) User=0.00s Sys=0.00s Real=0.00s
[2024-03-16T08:42:05.552+0000][9.267s] GC(6) Concurrent Cleanup for Next Mark
[2024-03-16T08:42:05.553+0000][9.268s] GC(6) Concurrent Cleanup for Next Mark 0.572ms
[2024-03-16T08:42:05.553+0000][9.268s] GC(6) Concurrent Mark Cycle 25.058ms
